/home/luke/dictate-app-website/scripts/reddit_camoufox.py:134: DeprecationWarning: datetime.datetime.utcnow() is deprecated and scheduled for removal in a future version. Use timezone-aware objects to represent datetimes in UTC: datetime.datetime.now(datetime.UTC).
  now = datetime.utcnow()
/home/luke/dictate-app-website/scripts/reddit_camoufox.py:156: DeprecationWarning: datetime.datetime.utcnow() is deprecated and scheduled for removal in a future version. Use timezone-aware objects to represent datetimes in UTC: datetime.datetime.now(datetime.UTC).
  print(f"[{datetime.utcnow().isoformat()}] [{BLOG}] u/Mr1v4 → r/{subreddit}: {post['title'][:50]}...")
/home/luke/dictate-app-website/scripts/reddit_camoufox.py:203: DeprecationWarning: datetime.datetime.utcnow() is deprecated and scheduled for removal in a future version. Use timezone-aware objects to represent datetimes in UTC: datetime.datetime.now(datetime.UTC).
  log[subreddit] = datetime.utcnow().isoformat()
[2026-05-12T00:00:03.224355] [dictate] u/Mr1v4 → r/productivity: compared every Windows dictation tool I could find...
Posted: https://www.reddit.com/r/productivity/submit/
/home/luke/dictate-app-website/scripts/reddit_camoufox.py:134: DeprecationWarning: datetime.datetime.utcnow() is deprecated and scheduled for removal in a future version. Use timezone-aware objects to represent datetimes in UTC: datetime.datetime.now(datetime.UTC).
  now = datetime.utcnow()
/home/luke/dictate-app-website/scripts/reddit_camoufox.py:156: DeprecationWarning: datetime.datetime.utcnow() is deprecated and scheduled for removal in a future version. Use timezone-aware objects to represent datetimes in UTC: datetime.datetime.now(datetime.UTC).
  print(f"[{datetime.utcnow().isoformat()}] [{BLOG}] u/Mr1v4 → r/{subreddit}: {post['title'][:50]}...")
[2026-05-15T00:00:02.293896] [dictate] u/Mr1v4 → r/windows: compared every Windows dictation tool I could find...
Traceback (most recent call last):
  File "/home/luke/dictate-app-website/scripts/reddit_camoufox.py", line 233, in <module>
    success = run()
              ^^^^^
  File "/home/luke/dictate-app-website/scripts/reddit_camoufox.py", line 164, in run
    page.goto("https://www.reddit.com", timeout=30000)
  File "/home/luke/.local/lib/python3.12/site-packages/playwright/sync_api/_generated.py", line 9054, in goto
    self._sync(
  File "/home/luke/.local/lib/python3.12/site-packages/playwright/_impl/_sync_base.py", line 115, in _sync
    return task.result()
           ^^^^^^^^^^^^^
  File "/home/luke/.local/lib/python3.12/site-packages/playwright/_impl/_page.py", line 552, in goto
    return await self._main_frame.goto(**locals_to_params(locals()))
           ^^^^^^^^^^^^^^^^^^^^^^^^^^^^^^^^^^^^^^^^^^^^^^^^^^^^^^^^^
  File "/home/luke/.local/lib/python3.12/site-packages/playwright/_impl/_frame.py", line 153, in goto
    await self._channel.send(
  File "/home/luke/.local/lib/python3.12/site-packages/playwright/_impl/_connection.py", line 69, in send
    return await self._connection.wrap_api_call(
           ^^^^^^^^^^^^^^^^^^^^^^^^^^^^^^^^^^^^^
  File "/home/luke/.local/lib/python3.12/site-packages/playwright/_impl/_connection.py", line 559, in wrap_api_call
    raise rewrite_error(error, f"{parsed_st['apiName']}: {error}") from None
playwright._impl._errors.TimeoutError: Page.goto: Timeout 30000ms exceeded.
Call log:
  - navigating to "https://www.reddit.com/", waiting until "load"

